<?xml version="1.0" encoding="UTF-8"?>
<!-- Generated by org.testng.reporters.JUnitReportReporter -->
<testsuite hostname="CTAS-Laptop076" failures="0" tests="2" name="mhdnurfaizzy.Test.e2eTest" time="54.232" errors="0" timestamp="2024-02-22T16:16:17 ICT" skipped="0">
  <testcase classname="mhdnurfaizzy.Test.e2eTest" name="submitOrder" time="25.553"/>
  <testcase classname="mhdnurfaizzy.Test.e2eTest" name="submitOrder" time="28.679"/>
</testsuite> <!-- mhdnurfaizzy.Test.e2eTest -->
