<?xml version="1.0" encoding="UTF-8"?>
<!-- Generated by org.testng.reporters.JUnitReportReporter -->
<testsuite hostname="CTAS-Laptop076" failures="0" tests="1" name="mhdnurfaizzy.Test.e2e" time="14.751" errors="0" timestamp="2024-02-22T09:03:05 ICT" skipped="0">
  <testcase classname="mhdnurfaizzy.Test.e2e" name="submitOrder" time="14.751"/>
</testsuite> <!-- mhdnurfaizzy.Test.e2e -->
