<?xml version="1.0" encoding="UTF-8"?>
<!-- Generated by org.testng.reporters.JUnitReportReporter -->
<testsuite hostname="CTAS-Laptop076" failures="0" tests="2" name="mhdnurfaizzy.Test.errorValidationsTest" time="17.777" errors="0" timestamp="2024-02-22T10:40:18 ICT" skipped="0">
  <testcase classname="mhdnurfaizzy.Test.errorValidationsTest" name="loginErrorValidation" time="8.103"/>
  <testcase classname="mhdnurfaizzy.Test.errorValidationsTest" name="productErrorValidation" time="9.674"/>
</testsuite> <!-- mhdnurfaizzy.Test.errorValidationsTest -->
