<?xml version="1.0" encoding="UTF-8"?>
<!-- Generated by org.testng.reporters.JUnitReportReporter -->
<testsuite hostname="CTAS-Laptop076" failures="0" tests="1" name="mhdnurfaizzy.Test.e2eTest" time="14.665" errors="0" timestamp="2024-02-22T10:40:18 ICT" skipped="0">
  <testcase classname="mhdnurfaizzy.Test.e2eTest" name="submitOrder" time="14.665"/>
</testsuite> <!-- mhdnurfaizzy.Test.e2eTest -->
