<?xml version="1.0" encoding="UTF-8"?>
<!-- Generated by org.testng.reporters.JUnitReportReporter -->
<testsuite hostname="CTAS-Laptop076" failures="0" tests="1" name="mhdnurfaizzy.Test.errorValidationsTest" time="12.059" errors="0" timestamp="2024-02-22T13:53:02 ICT" skipped="0">
  <testcase classname="mhdnurfaizzy.Test.errorValidationsTest" name="loginErrorValidation" time="12.059"/>
</testsuite> <!-- mhdnurfaizzy.Test.errorValidationsTest -->
