<?xml version="1.0" encoding="UTF-8"?>
<!-- Generated by org.testng.reporters.JUnitReportReporter -->
<testsuite hostname="CTAS-Laptop076" failures="0" tests="2" name="mhdnurfaizzy.Test.e2eTest" time="31.559" errors="0" timestamp="2024-02-22T11:28:46 ICT" skipped="0">
  <testcase classname="mhdnurfaizzy.Test.e2eTest" name="ordersHistoryTest" time="10.267"/>
  <testcase classname="mhdnurfaizzy.Test.e2eTest" name="submitOrder" time="21.292"/>
</testsuite> <!-- mhdnurfaizzy.Test.e2eTest -->
