<?xml version="1.0" encoding="UTF-8"?>
<!-- Generated by org.testng.reporters.JUnitReportReporter -->
<testsuite hostname="CTAS-Laptop076" failures="0" tests="2" name="mhdnurfaizzy.Test.e2eTest" time="62.982" errors="0" timestamp="2024-02-22T13:51:44 ICT" skipped="0">
  <testcase classname="mhdnurfaizzy.Test.e2eTest" name="ordersHistoryTest" time="25.743"/>
  <testcase classname="mhdnurfaizzy.Test.e2eTest" name="submitOrder" time="37.239"/>
</testsuite> <!-- mhdnurfaizzy.Test.e2eTest -->
