<?xml version="1.0" encoding="UTF-8"?>
<!-- Generated by org.testng.reporters.JUnitReportReporter -->
<testsuite hostname="CTAS-Laptop076" failures="0" tests="2" name="mhdnurfaizzy.Test.e2eTest" time="26.010" errors="0" timestamp="2024-02-23T10:49:47 ICT" skipped="0">
  <testcase classname="mhdnurfaizzy.Test.e2eTest" name="submitOrder" time="13.468"/>
  <testcase classname="mhdnurfaizzy.Test.e2eTest" name="submitOrder" time="12.542"/>
</testsuite> <!-- mhdnurfaizzy.Test.e2eTest -->
